# JRE version: Java(TM) SE Runtime Environment (17.0.12+8) (build 17.0.12+8-LTS-286)
# Java VM: Java HotSpot(TM) 64-Bit Server VM (17.0.12+8-LTS-286, mixed mode, sharing, tiered, compressed oops, compressed class ptrs, g1 gc, windows-amd64)
GC Precious Log:
 CPUs: 20 total, 20 available
 Memory: 16077M
 Large Page Support: Disabled
 NUMA Support: Disabled
 Compressed Oops: Enabled (32-bit)
 Heap Region Size: 1M
 Heap Min Capacity: 8M
 Heap Initial Capacity: 252M
 Heap Max Capacity: 2G
 Pre-touch: Disabled
 Parallel Workers: 15
 Concurrent Workers: 4
 Concurrent Refinement Workers: 15
 Periodic GC: Disabled
Heap:
 garbage-first heap   total 382976K, used 130796K [0x0000000080000000, 0x0000000100000000)
  region size 1024K, 1 young (1024K), 1 survivors (1024K)
 Metaspace       used 153677K, committed 155392K, reserved 622592K
  class space    used 19494K, committed 20288K, reserved 425984K
GC Heap History (20 events):
Event: 1333.773 GC heap after
{Heap after GC invocations=82 (full 0):
 garbage-first heap   total 382976K, used 121157K [0x0000000080000000, 0x0000000100000000)
  region size 1024K, 9 young (9216K), 9 survivors (9216K)
 Metaspace       used 153028K, committed 154496K, reserved 622592K
  class space    used 19493K, committed 20224K, reserved 425984K
}
Event: 2347.579 GC heap before
{Heap before GC invocations=82 (full 0):
 garbage-first heap   total 382976K, used 317765K [0x0000000080000000, 0x0000000100000000)
  region size 1024K, 203 young (207872K), 9 survivors (9216K)
 Metaspace       used 153878K, committed 155392K, reserved 622592K
  class space    used 19547K, committed 20288K, reserved 425984K
}
Event: 2347.607 GC heap after
{Heap after GC invocations=83 (full 0):
 garbage-first heap   total 382976K, used 128451K [0x0000000080000000, 0x0000000100000000)
  region size 1024K, 16 young (16384K), 16 survivors (16384K)
 Metaspace       used 153878K, committed 155392K, reserved 622592K
  class space    used 19547K, committed 20288K, reserved 425984K
}
Event: 2348.589 GC heap before
{Heap before GC invocations=84 (full 0):
 garbage-first heap   total 382976K, used 334275K [0x0000000080000000, 0x0000000100000000)
  region size 1024K, 206 young (210944K), 16 survivors (16384K)
 Metaspace       used 153724K, committed 155392K, reserved 622592K
  class space    used 19508K, committed 20288K, reserved 425984K
}
Event: 2348.620 GC heap after
{Heap after GC invocations=85 (full 0):
 garbage-first heap   total 382976K, used 136670K [0x0000000080000000, 0x0000000100000000)
  region size 1024K, 10 young (10240K), 10 survivors (10240K)
 Metaspace       used 153724K, committed 155392K, reserved 622592K
  class space    used 19508K, committed 20288K, reserved 425984K
}
Event: 2348.658 GC heap before
{Heap before GC invocations=85 (full 0):
 garbage-first heap   total 382976K, used 144862K [0x0000000080000000, 0x0000000100000000)
  region size 1024K, 18 young (18432K), 10 survivors (10240K)
 Metaspace       used 153724K, committed 155392K, reserved 622592K
  class space    used 19508K, committed 20288K, reserved 425984K
}
Event: 2348.670 GC heap after
{Heap after GC invocations=86 (full 0):
 garbage-first heap   total 382976K, used 133688K [0x0000000080000000, 0x0000000100000000)
  region size 1024K, 2 young (2048K), 2 survivors (2048K)
 Metaspace       used 153724K, committed 155392K, reserved 622592K
  class space    used 19508K, committed 20288K, reserved 425984K
}
Event: 2349.847 GC heap before
{Heap before GC invocations=86 (full 0):
 garbage-first heap   total 382976K, used 324152K [0x0000000080000000, 0x0000000100000000)
  region size 1024K, 189 young (193536K), 2 survivors (2048K)
 Metaspace       used 153724K, committed 155392K, reserved 622592K
  class space    used 19508K, committed 20288K, reserved 425984K
}
Event: 2349.852 GC heap after
{Heap after GC invocations=87 (full 0):
 garbage-first heap   total 382976K, used 133893K [0x0000000080000000, 0x0000000100000000)
  region size 1024K, 2 young (2048K), 2 survivors (2048K)
 Metaspace       used 153724K, committed 155392K, reserved 622592K
  class space    used 19508K, committed 20288K, reserved 425984K
}
Event: 2351.157 GC heap before
{Heap before GC invocations=88 (full 0):
 garbage-first heap   total 382976K, used 328453K [0x0000000080000000, 0x0000000100000000)
  region size 1024K, 192 young (196608K), 2 survivors (2048K)
 Metaspace       used 153675K, committed 155392K, reserved 622592K
  class space    used 19494K, committed 20288K, reserved 425984K
}
Event: 2351.162 GC heap after
{Heap after GC invocations=89 (full 0):
 garbage-first heap   total 382976K, used 134783K [0x0000000080000000, 0x0000000100000000)
  region size 1024K, 3 young (3072K), 3 survivors (3072K)
 Metaspace       used 153675K, committed 155392K, reserved 622592K
  class space    used 19494K, committed 20288K, reserved 425984K
}
Event: 2351.193 GC heap before
{Heap before GC invocations=89 (full 0):
 garbage-first heap   total 382976K, used 149119K [0x0000000080000000, 0x0000000100000000)
  region size 1024K, 18 young (18432K), 3 survivors (3072K)
 Metaspace       used 153675K, committed 155392K, reserved 622592K
  class space    used 19494K, committed 20288K, reserved 425984K
}
Event: 2351.202 GC heap after
{Heap after GC invocations=90 (full 0):
 garbage-first heap   total 382976K, used 131532K [0x0000000080000000, 0x0000000100000000)
  region size 1024K, 2 young (2048K), 2 survivors (2048K)
 Metaspace       used 153675K, committed 155392K, reserved 622592K
  class space    used 19494K, committed 20288K, reserved 425984K
}
Event: 2351.846 GC heap before
{Heap before GC invocations=90 (full 0):
 garbage-first heap   total 382976K, used 331212K [0x0000000080000000, 0x0000000100000000)
  region size 1024K, 197 young (201728K), 2 survivors (2048K)
 Metaspace       used 153676K, committed 155392K, reserved 622592K
  class space    used 19494K, committed 20288K, reserved 425984K
}
Event: 2351.850 GC heap after
{Heap after GC invocations=91 (full 0):
 garbage-first heap   total 382976K, used 132790K [0x0000000080000000, 0x0000000100000000)
  region size 1024K, 4 young (4096K), 4 survivors (4096K)
 Metaspace       used 153676K, committed 155392K, reserved 622592K
  class space    used 19494K, committed 20288K, reserved 425984K
}
Event: 2352.510 GC heap before
{Heap before GC invocations=92 (full 0):
 garbage-first heap   total 382976K, used 331446K [0x0000000080000000, 0x0000000100000000)
  region size 1024K, 198 young (202752K), 4 survivors (4096K)
 Metaspace       used 153676K, committed 155392K, reserved 622592K
  class space    used 19494K, committed 20288K, reserved 425984K
}
Event: 2352.516 GC heap after
{Heap after GC invocations=93 (full 0):
 garbage-first heap   total 382976K, used 134737K [0x0000000080000000, 0x0000000100000000)
  region size 1024K, 5 young (5120K), 5 survivors (5120K)
 Metaspace       used 153676K, committed 155392K, reserved 622592K
  class space    used 19494K, committed 20288K, reserved 425984K
}
Event: 2352.537 GC heap before
{Heap before GC invocations=93 (full 0):
 garbage-first heap   total 382976K, used 148049K [0x0000000080000000, 0x0000000100000000)
  region size 1024K, 18 young (18432K), 5 survivors (5120K)
 Metaspace       used 153676K, committed 155392K, reserved 622592K
  class space    used 19494K, committed 20288K, reserved 425984K
}
Event: 2352.551 GC heap after
{Heap after GC invocations=94 (full 0):
 garbage-first heap   total 382976K, used 132611K [0x0000000080000000, 0x0000000100000000)
  region size 1024K, 1 young (1024K), 1 survivors (1024K)
 Metaspace       used 153676K, committed 155392K, reserved 622592K
  class space    used 19494K, committed 20288K, reserved 425984K
}
Event: 2353.121 GC heap before
{Heap before GC invocations=94 (full 0):
 garbage-first heap   total 382976K, used 334339K [0x0000000080000000, 0x0000000100000000)
  region size 1024K, 198 young (202752K), 1 survivors (1024K)
 Metaspace       used 153677K, committed 155392K, reserved 622592K
  class space    used 19494K, committed 20288K, reserved 425984K
}

